[debug] [2017-06-10T11:03:02.403Z] ----------------------------------------------------------------------
[debug] [2017-06-10T11:03:02.406Z] Command:      /usr/local/Cellar/node/8.0.0_1/bin/node /usr/local/bin/firebase deploy
[debug] [2017-06-10T11:03:02.407Z] CLI Version:  3.9.1
[debug] [2017-06-10T11:03:02.407Z] Platform:     darwin
[debug] [2017-06-10T11:03:02.407Z] Node Version: v8.0.0
[debug] [2017-06-10T11:03:02.407Z] Time:         Sat Jun 10 2017 07:03:02 GMT-0400 (EDT)
[debug] [2017-06-10T11:03:02.407Z] ----------------------------------------------------------------------
[debug] 
[debug] [2017-06-10T11:03:02.423Z] > command requires scopes: ["email","openid","https://www.googleapis.com/auth/cloudplatformprojects.readonly","https://www.googleapis.com/auth/firebase","https://www.googleapis.com/auth/cloud-platform"]
[debug] [2017-06-10T11:03:02.423Z] > authorizing via signed-in user
[debug] [2017-06-10T11:03:02.426Z] > refreshing access token with scopes: ["email","https://www.googleapis.com/auth/cloud-platform","https://www.googleapis.com/auth/cloudplatformprojects.readonly","https://www.googleapis.com/auth/firebase","openid"]
[debug] [2017-06-10T11:03:02.426Z] >>> HTTP REQUEST POST https://www.googleapis.com/oauth2/v3/token { refresh_token: '1/vOMbeayEao1NhoYQ0hBNf5VW4FrD--s5XdKepk9Ekis',
  client_id: '563584335869-fgrhgmd47bqnekij5i8b5pr03ho849e6.apps.googleusercontent.com',
  client_secret: 'j9iVZfS8kkCEFUPaAeJV0sAi',
  grant_type: 'refresh_token',
  scope: 'email https://www.googleapis.com/auth/cloud-platform https://www.googleapis.com/auth/cloudplatformprojects.readonly https://www.googleapis.com/auth/firebase openid' } 
 Sat Jun 10 2017 07:03:02 GMT-0400 (EDT)
[debug] [2017-06-10T11:03:03.004Z] <<< HTTP RESPONSE 200
[debug] [2017-06-10T11:03:03.035Z] >>> HTTP REQUEST GET https://admin.firebase.com/v1/projects/authentication-92114  
 Sat Jun 10 2017 07:03:03 GMT-0400 (EDT)
[debug] [2017-06-10T11:03:03.925Z] <<< HTTP RESPONSE 200
[debug] [2017-06-10T11:03:03.926Z] >>> HTTP REQUEST GET https://admin.firebase.com/v1/database/authentication-92114/tokens  
 Sat Jun 10 2017 07:03:03 GMT-0400 (EDT)
[debug] [2017-06-10T11:03:04.301Z] <<< HTTP RESPONSE 200
[info] 
[info] === Deploying to 'authentication-92114'...
[info] 
[info] i  deploying functions
[debug] [2017-06-10T11:03:05.179Z] > [functions] package.json contents: {
  "name": "functions",
  "description": "Cloud Functions for Firebase",
  "dependencies": {
    "firebase-admin": "~4.2.1",
    "firebase-functions": "^0.5.7",
    "twilio": "^3.0.0-rc.13"
  },
  "private": true
}
[info] i  functions: ensuring necessary APIs are enabled...
[info] i  runtimeconfig: ensuring necessary APIs are enabled...
[debug] [2017-06-10T11:03:05.181Z] >>> HTTP REQUEST GET https://servicemanagement.googleapis.com/v1/services/cloudfunctions.googleapis.com/projectSettings/authentication-92114?view=CONSUMER_VIEW  
 Sat Jun 10 2017 07:03:05 GMT-0400 (EDT)
[debug] [2017-06-10T11:03:05.182Z] >>> HTTP REQUEST GET https://servicemanagement.googleapis.com/v1/services/runtimeconfig.googleapis.com/projectSettings/authentication-92114?view=CONSUMER_VIEW  
 Sat Jun 10 2017 07:03:05 GMT-0400 (EDT)
[debug] [2017-06-10T11:03:06.015Z] <<< HTTP RESPONSE 200
[info] ✔  runtimeconfig: all necessary APIs are enabled
[debug] [2017-06-10T11:03:06.103Z] <<< HTTP RESPONSE 200
[info] ✔  functions: all necessary APIs are enabled
[debug] [2017-06-10T11:03:06.105Z] >>> HTTP REQUEST GET https://appengine.googleapis.com/v1/apps/authentication-92114  
 Sat Jun 10 2017 07:03:06 GMT-0400 (EDT)
[debug] [2017-06-10T11:03:06.106Z] >>> HTTP REQUEST GET https://apikeys.googleapis.com/v1/projects/authentication-92114/apiKeys  
 Sat Jun 10 2017 07:03:06 GMT-0400 (EDT)
[debug] [2017-06-10T11:03:07.878Z] <<< HTTP RESPONSE 200
[debug] [2017-06-10T11:03:07.968Z] <<< HTTP RESPONSE 200
[info] i  functions: preparing functions directory for uploading...
[debug] [2017-06-10T11:03:09.495Z] >>> HTTP REQUEST GET https://runtimeconfig.googleapis.com/v1beta1/projects/authentication-92114/configs  
 Sat Jun 10 2017 07:03:09 GMT-0400 (EDT)
[debug] [2017-06-10T11:03:09.978Z] <<< HTTP RESPONSE 200
[debug] [2017-06-10T11:03:10.854Z] TypeError: Cannot read property 'pipesCount' of undefined
[error] 
[error] Error: An unexpected error has occurred.
